mode: set
github.com/cs161-staff/project2-starter-code/client/client.go:35.25,47.16 5 0
github.com/cs161-staff/project2-starter-code/client/client.go:47.16,52.81 1 0
github.com/cs161-staff/project2-starter-code/client/client.go:54.2,64.16 5 0
github.com/cs161-staff/project2-starter-code/client/client.go:64.16,65.13 1 0
github.com/cs161-staff/project2-starter-code/client/client.go:68.2,85.16 9 0
github.com/cs161-staff/project2-starter-code/client/client.go:85.16,86.13 1 0
github.com/cs161-staff/project2-starter-code/client/client.go:88.2,100.37 3 0
github.com/cs161-staff/project2-starter-code/client/client.go:151.43,153.47 2 1
github.com/cs161-staff/project2-starter-code/client/client.go:153.47,155.3 1 1
github.com/cs161-staff/project2-starter-code/client/client.go:156.2,156.23 1 1
github.com/cs161-staff/project2-starter-code/client/client.go:159.116,162.43 3 1
github.com/cs161-staff/project2-starter-code/client/client.go:162.43,164.25 2 1
github.com/cs161-staff/project2-starter-code/client/client.go:164.25,166.4 1 1
github.com/cs161-staff/project2-starter-code/client/client.go:167.3,168.17 2 1
github.com/cs161-staff/project2-starter-code/client/client.go:168.17,170.4 1 0
github.com/cs161-staff/project2-starter-code/client/client.go:171.3,173.17 3 1
github.com/cs161-staff/project2-starter-code/client/client.go:173.17,175.4 1 0
github.com/cs161-staff/project2-starter-code/client/client.go:176.3,177.10 2 1
github.com/cs161-staff/project2-starter-code/client/client.go:177.10,180.18 3 0
github.com/cs161-staff/project2-starter-code/client/client.go:180.18,183.5 1 0
github.com/cs161-staff/project2-starter-code/client/client.go:184.4,184.37 1 0
github.com/cs161-staff/project2-starter-code/client/client.go:186.3,187.17 2 1
github.com/cs161-staff/project2-starter-code/client/client.go:187.17,189.4 1 0
github.com/cs161-staff/project2-starter-code/client/client.go:190.3,191.13 2 1
github.com/cs161-staff/project2-starter-code/client/client.go:191.13,193.4 1 1
github.com/cs161-staff/project2-starter-code/client/client.go:194.3,194.26 1 1
github.com/cs161-staff/project2-starter-code/client/client.go:194.26,196.4 1 1
github.com/cs161-staff/project2-starter-code/client/client.go:197.3,197.12 1 1
github.com/cs161-staff/project2-starter-code/client/client.go:200.2,200.30 1 1
github.com/cs161-staff/project2-starter-code/client/client.go:205.80,207.20 1 1
github.com/cs161-staff/project2-starter-code/client/client.go:207.20,209.3 1 1
github.com/cs161-staff/project2-starter-code/client/client.go:210.2,215.16 6 1
github.com/cs161-staff/project2-starter-code/client/client.go:215.16,217.3 1 0
github.com/cs161-staff/project2-starter-code/client/client.go:218.2,219.8 2 1
github.com/cs161-staff/project2-starter-code/client/client.go:219.8,221.3 1 1
github.com/cs161-staff/project2-starter-code/client/client.go:222.2,232.16 6 1
github.com/cs161-staff/project2-starter-code/client/client.go:232.16,235.3 1 0
github.com/cs161-staff/project2-starter-code/client/client.go:236.2,239.16 4 1
github.com/cs161-staff/project2-starter-code/client/client.go:239.16,242.3 1 0
github.com/cs161-staff/project2-starter-code/client/client.go:243.2,244.16 2 1
github.com/cs161-staff/project2-starter-code/client/client.go:244.16,247.3 1 0
github.com/cs161-staff/project2-starter-code/client/client.go:252.2,254.18 2 1
github.com/cs161-staff/project2-starter-code/client/client.go:257.79,262.16 4 1
github.com/cs161-staff/project2-starter-code/client/client.go:262.16,264.3 1 0
github.com/cs161-staff/project2-starter-code/client/client.go:265.2,267.16 3 1
github.com/cs161-staff/project2-starter-code/client/client.go:267.16,269.3 1 0
github.com/cs161-staff/project2-starter-code/client/client.go:272.2,273.9 2 1
github.com/cs161-staff/project2-starter-code/client/client.go:273.9,275.3 1 1
github.com/cs161-staff/project2-starter-code/client/client.go:276.2,279.16 3 1
github.com/cs161-staff/project2-starter-code/client/client.go:279.16,281.3 1 0
github.com/cs161-staff/project2-starter-code/client/client.go:282.2,282.43 1 1
github.com/cs161-staff/project2-starter-code/client/client.go:282.43,285.3 1 1
github.com/cs161-staff/project2-starter-code/client/client.go:287.2,289.16 3 1
github.com/cs161-staff/project2-starter-code/client/client.go:289.16,291.3 1 0
github.com/cs161-staff/project2-starter-code/client/client.go:293.2,294.25 2 1
github.com/cs161-staff/project2-starter-code/client/client.go:297.104,301.16 3 1
github.com/cs161-staff/project2-starter-code/client/client.go:301.16,303.3 1 0
github.com/cs161-staff/project2-starter-code/client/client.go:304.2,305.12 2 1
github.com/cs161-staff/project2-starter-code/client/client.go:308.77,309.37 1 1
github.com/cs161-staff/project2-starter-code/client/client.go:309.37,311.22 2 1
github.com/cs161-staff/project2-starter-code/client/client.go:311.22,313.4 1 1
github.com/cs161-staff/project2-starter-code/client/client.go:314.3,315.17 2 1
github.com/cs161-staff/project2-starter-code/client/client.go:315.17,317.4 1 1
github.com/cs161-staff/project2-starter-code/client/client.go:318.3,318.30 1 1
github.com/cs161-staff/project2-starter-code/client/client.go:320.2,320.17 1 1
github.com/cs161-staff/project2-starter-code/client/client.go:322.77,323.38 1 1
github.com/cs161-staff/project2-starter-code/client/client.go:323.38,325.22 2 1
github.com/cs161-staff/project2-starter-code/client/client.go:325.22,327.4 1 0
github.com/cs161-staff/project2-starter-code/client/client.go:328.3,329.17 2 1
github.com/cs161-staff/project2-starter-code/client/client.go:329.17,331.4 1 1
github.com/cs161-staff/project2-starter-code/client/client.go:332.3,332.30 1 1
github.com/cs161-staff/project2-starter-code/client/client.go:334.2,334.17 1 1
github.com/cs161-staff/project2-starter-code/client/client.go:336.78,340.8 3 1
github.com/cs161-staff/project2-starter-code/client/client.go:340.8,342.17 2 1
github.com/cs161-staff/project2-starter-code/client/client.go:342.17,344.4 1 0
github.com/cs161-staff/project2-starter-code/client/client.go:345.3,347.17 3 1
github.com/cs161-staff/project2-starter-code/client/client.go:347.17,350.4 1 0
github.com/cs161-staff/project2-starter-code/client/client.go:351.3,352.17 2 1
github.com/cs161-staff/project2-starter-code/client/client.go:352.17,354.4 1 0
github.com/cs161-staff/project2-starter-code/client/client.go:355.3,356.17 2 1
github.com/cs161-staff/project2-starter-code/client/client.go:356.17,358.4 1 0
github.com/cs161-staff/project2-starter-code/client/client.go:359.8,364.91 5 1
github.com/cs161-staff/project2-starter-code/client/client.go:364.91,367.4 2 0
github.com/cs161-staff/project2-starter-code/client/client.go:368.3,369.10 2 1
github.com/cs161-staff/project2-starter-code/client/client.go:369.10,371.4 1 0
github.com/cs161-staff/project2-starter-code/client/client.go:373.3,374.17 2 1
github.com/cs161-staff/project2-starter-code/client/client.go:374.17,376.4 1 0
github.com/cs161-staff/project2-starter-code/client/client.go:378.3,380.17 3 1
github.com/cs161-staff/project2-starter-code/client/client.go:380.17,382.4 1 0
github.com/cs161-staff/project2-starter-code/client/client.go:384.3,385.17 2 1
github.com/cs161-staff/project2-starter-code/client/client.go:385.17,387.4 1 0
github.com/cs161-staff/project2-starter-code/client/client.go:389.3,392.17 3 1
github.com/cs161-staff/project2-starter-code/client/client.go:392.17,394.4 1 0
github.com/cs161-staff/project2-starter-code/client/client.go:395.3,396.17 2 1
github.com/cs161-staff/project2-starter-code/client/client.go:396.17,398.4 1 0
github.com/cs161-staff/project2-starter-code/client/client.go:399.3,402.17 4 1
github.com/cs161-staff/project2-starter-code/client/client.go:402.17,404.4 1 0
github.com/cs161-staff/project2-starter-code/client/client.go:405.3,412.17 4 1
github.com/cs161-staff/project2-starter-code/client/client.go:412.17,414.4 1 0
github.com/cs161-staff/project2-starter-code/client/client.go:415.3,417.17 3 1
github.com/cs161-staff/project2-starter-code/client/client.go:417.17,419.4 1 0
github.com/cs161-staff/project2-starter-code/client/client.go:420.3,432.17 4 1
github.com/cs161-staff/project2-starter-code/client/client.go:432.17,434.4 1 0
github.com/cs161-staff/project2-starter-code/client/client.go:435.3,436.17 2 1
github.com/cs161-staff/project2-starter-code/client/client.go:436.17,438.4 1 0
github.com/cs161-staff/project2-starter-code/client/client.go:441.2,441.8 1 1
github.com/cs161-staff/project2-starter-code/client/client.go:443.120,448.16 5 1
github.com/cs161-staff/project2-starter-code/client/client.go:448.16,450.3 1 0
github.com/cs161-staff/project2-starter-code/client/client.go:451.2,451.49 1 1
github.com/cs161-staff/project2-starter-code/client/client.go:451.49,453.3 1 0
github.com/cs161-staff/project2-starter-code/client/client.go:454.2,458.43 4 1
github.com/cs161-staff/project2-starter-code/client/client.go:458.43,460.25 2 1
github.com/cs161-staff/project2-starter-code/client/client.go:460.25,462.4 1 1
github.com/cs161-staff/project2-starter-code/client/client.go:463.3,466.17 3 1
github.com/cs161-staff/project2-starter-code/client/client.go:466.17,469.4 1 0
github.com/cs161-staff/project2-starter-code/client/client.go:470.3,471.10 2 1
github.com/cs161-staff/project2-starter-code/client/client.go:471.10,474.18 3 0
github.com/cs161-staff/project2-starter-code/client/client.go:474.18,476.5 1 0
github.com/cs161-staff/project2-starter-code/client/client.go:477.4,477.37 1 0
github.com/cs161-staff/project2-starter-code/client/client.go:479.3,480.17 2 1
github.com/cs161-staff/project2-starter-code/client/client.go:480.17,483.4 1 0
github.com/cs161-staff/project2-starter-code/client/client.go:484.3,486.26 2 1
github.com/cs161-staff/project2-starter-code/client/client.go:486.26,488.4 1 1
github.com/cs161-staff/project2-starter-code/client/client.go:489.3,489.12 1 1
github.com/cs161-staff/project2-starter-code/client/client.go:492.2,492.21 1 1
github.com/cs161-staff/project2-starter-code/client/client.go:494.130,497.9 3 1
github.com/cs161-staff/project2-starter-code/client/client.go:497.9,500.3 1 1
github.com/cs161-staff/project2-starter-code/client/client.go:502.2,504.16 3 1
github.com/cs161-staff/project2-starter-code/client/client.go:504.16,506.3 1 0
github.com/cs161-staff/project2-starter-code/client/client.go:508.2,509.16 2 1
github.com/cs161-staff/project2-starter-code/client/client.go:509.16,511.3 1 0
github.com/cs161-staff/project2-starter-code/client/client.go:512.2,512.52 1 1
github.com/cs161-staff/project2-starter-code/client/client.go:512.52,514.3 1 1
github.com/cs161-staff/project2-starter-code/client/client.go:515.2,516.16 2 1
github.com/cs161-staff/project2-starter-code/client/client.go:516.16,518.3 1 0
github.com/cs161-staff/project2-starter-code/client/client.go:519.2,522.9 4 1
github.com/cs161-staff/project2-starter-code/client/client.go:522.9,525.3 1 0
github.com/cs161-staff/project2-starter-code/client/client.go:526.2,528.16 3 1
github.com/cs161-staff/project2-starter-code/client/client.go:528.16,530.3 1 0
github.com/cs161-staff/project2-starter-code/client/client.go:531.2,531.55 1 1
github.com/cs161-staff/project2-starter-code/client/client.go:531.55,533.3 1 1
github.com/cs161-staff/project2-starter-code/client/client.go:534.2,536.16 3 1
github.com/cs161-staff/project2-starter-code/client/client.go:536.16,538.3 1 0
github.com/cs161-staff/project2-starter-code/client/client.go:539.2,540.16 2 1
github.com/cs161-staff/project2-starter-code/client/client.go:540.16,542.3 1 1
github.com/cs161-staff/project2-starter-code/client/client.go:544.2,544.64 1 1
github.com/cs161-staff/project2-starter-code/client/client.go:546.75,548.16 2 1
github.com/cs161-staff/project2-starter-code/client/client.go:548.16,550.3 1 1
github.com/cs161-staff/project2-starter-code/client/client.go:551.2,556.16 6 1
github.com/cs161-staff/project2-starter-code/client/client.go:556.16,558.3 1 0
github.com/cs161-staff/project2-starter-code/client/client.go:559.2,560.16 2 1
github.com/cs161-staff/project2-starter-code/client/client.go:560.16,562.3 1 0
github.com/cs161-staff/project2-starter-code/client/client.go:563.2,563.12 1 1
github.com/cs161-staff/project2-starter-code/client/client.go:566.77,568.16 2 1
github.com/cs161-staff/project2-starter-code/client/client.go:568.16,571.3 1 1
github.com/cs161-staff/project2-starter-code/client/client.go:572.2,573.84 2 1
github.com/cs161-staff/project2-starter-code/client/client.go:573.84,577.17 3 1
github.com/cs161-staff/project2-starter-code/client/client.go:577.17,580.4 1 0
github.com/cs161-staff/project2-starter-code/client/client.go:581.3,581.50 1 1
github.com/cs161-staff/project2-starter-code/client/client.go:581.50,583.4 1 1
github.com/cs161-staff/project2-starter-code/client/client.go:584.3,587.17 4 1
github.com/cs161-staff/project2-starter-code/client/client.go:587.17,589.4 1 0
github.com/cs161-staff/project2-starter-code/client/client.go:591.2,591.21 1 1
github.com/cs161-staff/project2-starter-code/client/client.go:595.38,597.16 2 1
github.com/cs161-staff/project2-starter-code/client/client.go:597.16,599.3 1 1
github.com/cs161-staff/project2-starter-code/client/client.go:600.2,610.16 6 1
github.com/cs161-staff/project2-starter-code/client/client.go:610.16,612.3 1 1
github.com/cs161-staff/project2-starter-code/client/client.go:613.2,614.16 2 1
github.com/cs161-staff/project2-starter-code/client/client.go:614.16,616.3 1 0
github.com/cs161-staff/project2-starter-code/client/client.go:617.2,618.28 2 1
github.com/cs161-staff/project2-starter-code/client/client.go:620.66,624.16 4 1
github.com/cs161-staff/project2-starter-code/client/client.go:624.16,626.3 1 0
github.com/cs161-staff/project2-starter-code/client/client.go:627.2,627.55 1 1
github.com/cs161-staff/project2-starter-code/client/client.go:627.55,629.3 1 1
github.com/cs161-staff/project2-starter-code/client/client.go:630.2,632.16 3 1
github.com/cs161-staff/project2-starter-code/client/client.go:632.16,634.3 1 0
github.com/cs161-staff/project2-starter-code/client/client.go:635.2,635.24 1 1
github.com/cs161-staff/project2-starter-code/client/client.go:638.111,641.8 3 1
github.com/cs161-staff/project2-starter-code/client/client.go:641.8,643.3 1 1
github.com/cs161-staff/project2-starter-code/client/client.go:644.2,645.9 2 1
github.com/cs161-staff/project2-starter-code/client/client.go:645.9,647.3 1 0
github.com/cs161-staff/project2-starter-code/client/client.go:648.2,650.16 3 1
github.com/cs161-staff/project2-starter-code/client/client.go:650.16,652.3 1 1
github.com/cs161-staff/project2-starter-code/client/client.go:653.2,654.16 2 1
github.com/cs161-staff/project2-starter-code/client/client.go:654.16,656.3 1 1
github.com/cs161-staff/project2-starter-code/client/client.go:657.2,659.16 3 1
github.com/cs161-staff/project2-starter-code/client/client.go:659.16,661.3 1 0
github.com/cs161-staff/project2-starter-code/client/client.go:662.2,663.9 2 1
github.com/cs161-staff/project2-starter-code/client/client.go:663.9,666.3 1 1
github.com/cs161-staff/project2-starter-code/client/client.go:669.2,671.16 3 1
github.com/cs161-staff/project2-starter-code/client/client.go:671.16,673.3 1 0
github.com/cs161-staff/project2-starter-code/client/client.go:674.2,674.55 1 1
github.com/cs161-staff/project2-starter-code/client/client.go:674.55,676.3 1 0
github.com/cs161-staff/project2-starter-code/client/client.go:677.2,680.16 4 1
github.com/cs161-staff/project2-starter-code/client/client.go:680.16,682.3 1 0
github.com/cs161-staff/project2-starter-code/client/client.go:684.2,685.16 2 1
github.com/cs161-staff/project2-starter-code/client/client.go:685.16,687.3 1 0
github.com/cs161-staff/project2-starter-code/client/client.go:689.2,696.16 4 1
github.com/cs161-staff/project2-starter-code/client/client.go:696.16,698.3 1 0
github.com/cs161-staff/project2-starter-code/client/client.go:699.2,700.16 2 1
github.com/cs161-staff/project2-starter-code/client/client.go:700.16,702.3 1 0
github.com/cs161-staff/project2-starter-code/client/client.go:705.2,706.9 2 1
github.com/cs161-staff/project2-starter-code/client/client.go:706.9,708.3 1 0
github.com/cs161-staff/project2-starter-code/client/client.go:709.2,710.16 2 1
github.com/cs161-staff/project2-starter-code/client/client.go:710.16,712.3 1 0
github.com/cs161-staff/project2-starter-code/client/client.go:713.2,715.16 3 1
github.com/cs161-staff/project2-starter-code/client/client.go:715.16,717.3 1 0
github.com/cs161-staff/project2-starter-code/client/client.go:718.2,719.16 2 1
github.com/cs161-staff/project2-starter-code/client/client.go:719.16,721.3 1 0
github.com/cs161-staff/project2-starter-code/client/client.go:722.2,724.12 2 1
github.com/cs161-staff/project2-starter-code/client/client.go:727.75,729.38 2 1
github.com/cs161-staff/project2-starter-code/client/client.go:729.38,730.49 1 1
github.com/cs161-staff/project2-starter-code/client/client.go:730.49,737.4 5 1
github.com/cs161-staff/project2-starter-code/client/client.go:739.2,739.21 1 1
github.com/cs161-staff/project2-starter-code/client/client.go:739.21,742.39 3 1
github.com/cs161-staff/project2-starter-code/client/client.go:742.39,743.41 1 1
github.com/cs161-staff/project2-starter-code/client/client.go:743.41,751.5 5 1
github.com/cs161-staff/project2-starter-code/client/client.go:755.2,755.12 1 1
github.com/cs161-staff/project2-starter-code/client/client.go:758.95,762.9 3 1
github.com/cs161-staff/project2-starter-code/client/client.go:762.9,764.3 1 0
github.com/cs161-staff/project2-starter-code/client/client.go:765.2,766.16 2 1
github.com/cs161-staff/project2-starter-code/client/client.go:766.16,768.3 1 0
github.com/cs161-staff/project2-starter-code/client/client.go:769.2,773.16 4 1
github.com/cs161-staff/project2-starter-code/client/client.go:773.16,775.3 1 0
github.com/cs161-staff/project2-starter-code/client/client.go:776.2,777.16 2 1
github.com/cs161-staff/project2-starter-code/client/client.go:777.16,779.3 1 0
github.com/cs161-staff/project2-starter-code/client/client.go:780.2,782.38 2 1
github.com/cs161-staff/project2-starter-code/client/client.go:782.38,786.10 3 1
github.com/cs161-staff/project2-starter-code/client/client.go:786.10,788.4 1 0
github.com/cs161-staff/project2-starter-code/client/client.go:789.3,790.17 2 1
github.com/cs161-staff/project2-starter-code/client/client.go:790.17,792.4 1 0
github.com/cs161-staff/project2-starter-code/client/client.go:794.3,797.17 3 1
github.com/cs161-staff/project2-starter-code/client/client.go:797.17,799.4 1 0
github.com/cs161-staff/project2-starter-code/client/client.go:800.3,801.17 2 1
github.com/cs161-staff/project2-starter-code/client/client.go:801.17,803.4 1 0
github.com/cs161-staff/project2-starter-code/client/client.go:804.3,804.74 1 1
github.com/cs161-staff/project2-starter-code/client/client.go:807.2,807.12 1 1
github.com/cs161-staff/project2-starter-code/client/client.go:810.85,812.16 2 1
github.com/cs161-staff/project2-starter-code/client/client.go:812.16,815.3 1 1
github.com/cs161-staff/project2-starter-code/client/client.go:816.2,818.16 2 1
github.com/cs161-staff/project2-starter-code/client/client.go:818.16,820.3 1 0
github.com/cs161-staff/project2-starter-code/client/client.go:822.2,829.90 6 1
github.com/cs161-staff/project2-starter-code/client/client.go:829.90,832.3 2 0
github.com/cs161-staff/project2-starter-code/client/client.go:836.2,837.16 2 1
github.com/cs161-staff/project2-starter-code/client/client.go:837.16,839.3 1 0
github.com/cs161-staff/project2-starter-code/client/client.go:840.2,841.16 2 1
github.com/cs161-staff/project2-starter-code/client/client.go:841.16,843.3 1 0
github.com/cs161-staff/project2-starter-code/client/client.go:844.2,849.84 5 1
github.com/cs161-staff/project2-starter-code/client/client.go:849.84,853.17 3 1
github.com/cs161-staff/project2-starter-code/client/client.go:853.17,856.4 1 0
github.com/cs161-staff/project2-starter-code/client/client.go:857.3,857.50 1 1
github.com/cs161-staff/project2-starter-code/client/client.go:857.50,859.4 1 0
github.com/cs161-staff/project2-starter-code/client/client.go:860.3,864.17 5 1
github.com/cs161-staff/project2-starter-code/client/client.go:864.17,866.4 1 0
github.com/cs161-staff/project2-starter-code/client/client.go:868.2,869.16 2 1
github.com/cs161-staff/project2-starter-code/client/client.go:869.16,872.3 1 0
github.com/cs161-staff/project2-starter-code/client/client.go:874.2,875.16 2 1
github.com/cs161-staff/project2-starter-code/client/client.go:875.16,877.3 1 0
github.com/cs161-staff/project2-starter-code/client/client.go:878.2,887.16 8 1
github.com/cs161-staff/project2-starter-code/client/client.go:887.16,889.3 1 0
github.com/cs161-staff/project2-starter-code/client/client.go:890.2,894.12 3 1
github.com/cs161-staff/project2-starter-code/client/client.go:897.13,945.16 8 0
github.com/cs161-staff/project2-starter-code/client/client.go:945.16,946.13 1 0
github.com/cs161-staff/project2-starter-code/client/client.go:948.2,949.16 2 0
github.com/cs161-staff/project2-starter-code/client/client.go:949.16,950.13 1 0
github.com/cs161-staff/project2-starter-code/client/client.go:952.2,953.16 2 0
github.com/cs161-staff/project2-starter-code/client/client.go:953.16,954.13 1 0
github.com/cs161-staff/project2-starter-code/client/client.go:957.2,959.16 3 0
github.com/cs161-staff/project2-starter-code/client/client.go:959.16,960.13 1 0
github.com/cs161-staff/project2-starter-code/client/client.go:962.2,963.16 2 0
github.com/cs161-staff/project2-starter-code/client/client.go:963.16,964.13 1 0
github.com/cs161-staff/project2-starter-code/client/client.go:966.2,967.16 2 0
github.com/cs161-staff/project2-starter-code/client/client.go:967.16,968.13 1 0
github.com/cs161-staff/project2-starter-code/client/client.go:970.2,972.16 3 0
github.com/cs161-staff/project2-starter-code/client/client.go:972.16,973.13 1 0
github.com/cs161-staff/project2-starter-code/client/client.go:975.2,976.16 2 0
github.com/cs161-staff/project2-starter-code/client/client.go:976.16,977.13 1 0
github.com/cs161-staff/project2-starter-code/client/client.go:980.2,982.16 3 0
github.com/cs161-staff/project2-starter-code/client/client.go:982.16,983.13 1 0
github.com/cs161-staff/project2-starter-code/client/client.go:985.2,986.16 2 0
github.com/cs161-staff/project2-starter-code/client/client.go:986.16,987.13 1 0
github.com/cs161-staff/project2-starter-code/client/client.go:989.2,989.23 1 0
